=====================================
2024-10-30 16:20:10 0x288e97000 INNODB MONITOR OUTPUT
=====================================
Per second averages calculated from the last 11 seconds
-----------------
BACKGROUND THREAD
-----------------
srv_master_thread loops: 9 srv_active, 0 srv_shutdown, 128146 srv_idle
srv_master_thread log flush and writes: 0
----------
SEMAPHORES
----------
OS WAIT ARRAY INFO: reservation count 93
OS WAIT ARRAY INFO: signal count 94
RW-shared spins 0, rounds 0, OS waits 0
RW-excl spins 0, rounds 0, OS waits 0
RW-sx spins 0, rounds 0, OS waits 0
Spin rounds per wait: 0.00 RW-shared, 0.00 RW-excl, 0.00 RW-sx
------------------------
LATEST DETECTED DEADLOCK
------------------------
2024-10-30 16:18:37 0x16f893000
*** (1) TRANSACTION:
TRANSACTION 31274, ACTIVE 0 sec starting index read
mysql tables in use 1, locked 1
LOCK WAIT 3 lock struct(s), heap size 1128, 2 row lock(s), undo log entries 1
MySQL thread id 23, OS thread handle 10888048640, query id 178 localhost 127.0.0.1 root updating
update t_order set order_flag='B' where order_no='UG8OOV0UVASH'

*** (1) HOLDS THE LOCK(S):
RECORD LOCKS space id 138 page no 4 n bits 80 index PRIMARY of table `siyuan`.`t_order` trx id 31274 lock_mode X locks rec but not gap
Record lock, heap no 8 PHYSICAL RECORD: n_fields 6; compact format; info bits 0
 0: len 4; hex 80000007; asc     ;;
 1: len 6; hex 000000007a2a; asc     z*;;
 2: len 7; hex 82000001110110; asc        ;;
 3: len 12; hex 5547384f4f56305556415348; asc UG8OOV0UVASH;;
 4: len 6; hex 64657461696c; asc detail;;
 5: len 1; hex 41; asc A;;


*** (1) WAITING FOR THIS LOCK TO BE GRANTED:
RECORD LOCKS space id 138 page no 4 n bits 80 index PRIMARY of table `siyuan`.`t_order` trx id 31274 lock_mode X waiting
Record lock, heap no 2 PHYSICAL RECORD: n_fields 6; compact format; info bits 0
 0: len 4; hex 80000001; asc     ;;
 1: len 6; hex 000000007a1a; asc     z ;;
 2: len 7; hex 020000011d181b; asc        ;;
 3: len 12; hex 445735553933504b39304442; asc DW5U93PK90DB;;
 4: len 6; hex 64657461696c; asc detail;;
 5: len 1; hex 42; asc B;;


*** (2) TRANSACTION:
TRANSACTION 31273, ACTIVE 0 sec fetching rows
mysql tables in use 1, locked 1
LOCK WAIT 5 lock struct(s), heap size 1128, 8 row lock(s), undo log entries 2
MySQL thread id 22, OS thread handle 10886934528, query id 179 localhost 127.0.0.1 root updating
update t_order set order_flag='B' where order_no='BVUKV8UNB5KP'

*** (2) HOLDS THE LOCK(S):
RECORD LOCKS space id 138 page no 4 n bits 80 index PRIMARY of table `siyuan`.`t_order` trx id 31273 lock_mode X
Record lock, heap no 2 PHYSICAL RECORD: n_fields 6; compact format; info bits 0
 0: len 4; hex 80000001; asc     ;;
 1: len 6; hex 000000007a1a; asc     z ;;
 2: len 7; hex 020000011d181b; asc        ;;
 3: len 12; hex 445735553933504b39304442; asc DW5U93PK90DB;;
 4: len 6; hex 64657461696c; asc detail;;
 5: len 1; hex 42; asc B;;

Record lock, heap no 3 PHYSICAL RECORD: n_fields 6; compact format; info bits 0
 0: len 4; hex 80000002; asc     ;;
 1: len 6; hex 000000007a15; asc     z ;;
 2: len 7; hex 81000001150110; asc        ;;
 3: len 12; hex 453356414635373338395952; asc E3VAF57389YR;;
 4: len 6; hex 64657461696c; asc detail;;
 5: len 1; hex 41; asc A;;

Record lock, heap no 4 PHYSICAL RECORD: n_fields 6; compact format; info bits 0
 0: len 4; hex 80000003; asc     ;;
 1: len 6; hex 000000007a1f; asc     z ;;
 2: len 7; hex 020000012e1f98; asc     .  ;;
 3: len 12; hex 35344f4b4b34414852323147; asc 54OKK4AHR21G;;
 4: len 6; hex 64657461696c; asc detail;;
 5: len 1; hex 42; asc B;;

Record lock, heap no 5 PHYSICAL RECORD: n_fields 6; compact format; info bits 0
 0: len 4; hex 80000004; asc     ;;
 1: len 6; hex 000000007a21; asc     z!;;
 2: len 7; hex 01000001270cf3; asc     '  ;;
 3: len 12; hex 33305136584a415950534754; asc 30Q6XJAYPSGT;;
 4: len 6; hex 64657461696c; asc detail;;
 5: len 1; hex 42; asc B;;

Record lock, heap no 6 PHYSICAL RECORD: n_fields 6; compact format; info bits 0
 0: len 4; hex 80000005; asc     ;;
 1: len 6; hex 000000007a27; asc     z';;
 2: len 7; hex 02000001550a5e; asc     U ^;;
 3: len 12; hex 4b594e58314e5933444f3948; asc KYNX1NY3DO9H;;
 4: len 6; hex 64657461696c; asc detail;;
 5: len 1; hex 42; asc B;;


*** (2) WAITING FOR THIS LOCK TO BE GRANTED:
RECORD LOCKS space id 138 page no 4 n bits 80 index PRIMARY of table `siyuan`.`t_order` trx id 31273 lock_mode X waiting
Record lock, heap no 8 PHYSICAL RECORD: n_fields 6; compact format; info bits 0
 0: len 4; hex 80000007; asc     ;;
 1: len 6; hex 000000007a2a; asc     z*;;
 2: len 7; hex 82000001110110; asc        ;;
 3: len 12; hex 5547384f4f56305556415348; asc UG8OOV0UVASH;;
 4: len 6; hex 64657461696c; asc detail;;
 5: len 1; hex 41; asc A;;

*** WE ROLL BACK TRANSACTION (1)
------------
TRANSACTIONS
------------
Trx id counter 31280
Purge done for trx's n:o < 31280 undo n:o < 0 state: running but idle
History list length 3
LIST OF TRANSACTIONS FOR EACH SESSION:
---TRANSACTION 281480089243544, not started
0 lock struct(s), heap size 1128, 0 row lock(s)
---TRANSACTION 281480089242752, not started
0 lock struct(s), heap size 1128, 0 row lock(s)
---TRANSACTION 281480089241960, not started
0 lock struct(s), heap size 1128, 0 row lock(s)
---TRANSACTION 281480089241168, not started
0 lock struct(s), heap size 1128, 0 row lock(s)
--------
FILE I/O
--------
I/O thread 0 state: waiting for i/o request (insert buffer thread)
I/O thread 1 state: waiting for i/o request (log thread)
I/O thread 2 state: waiting for i/o request (read thread)
I/O thread 3 state: waiting for i/o request (read thread)
I/O thread 4 state: waiting for i/o request (read thread)
I/O thread 5 state: waiting for i/o request (read thread)
I/O thread 6 state: waiting for i/o request (write thread)
I/O thread 7 state: waiting for i/o request (write thread)
I/O thread 8 state: waiting for i/o request (write thread)
I/O thread 9 state: waiting for i/o request (write thread)
Pending normal aio reads: [0, 0, 0, 0] , aio writes: [0, 0, 0, 0] ,
 ibuf aio reads:, log i/o's:
Pending flushes (fsync) log: 0; buffer pool: 0
1699 OS file reads, 694 OS file writes, 368 OS fsyncs
0.00 reads/s, 0 avg bytes/read, 0.00 writes/s, 0.00 fsyncs/s
-------------------------------------
INSERT BUFFER AND ADAPTIVE HASH INDEX
-------------------------------------
Ibuf: size 1, free list len 0, seg size 2, 0 merges
merged operations:
 insert 0, delete mark 0, delete 0
discarded operations:
 insert 0, delete mark 0, delete 0
Hash table size 34679, node heap has 0 buffer(s)
Hash table size 34679, node heap has 0 buffer(s)
Hash table size 34679, node heap has 3 buffer(s)
Hash table size 34679, node heap has 0 buffer(s)
Hash table size 34679, node heap has 0 buffer(s)
Hash table size 34679, node heap has 0 buffer(s)
Hash table size 34679, node heap has 1 buffer(s)
Hash table size 34679, node heap has 0 buffer(s)
0.00 hash searches/s, 0.00 non-hash searches/s
---
LOG
---
Log sequence number          38941086
Log buffer assigned up to    38941086
Log buffer completed up to   38941086
Log written up to            38941086
Log flushed up to            38941086
Added dirty pages up to      38941086
Pages flushed up to          38941086
Last checkpoint at           38941086
Log minimum file id is       11
Log maximum file id is       11
114 log i/o's done, 0.00 log i/o's/second
----------------------
BUFFER POOL AND MEMORY
----------------------
Total large memory allocated 0
Dictionary memory allocated 511177
Buffer pool size   8191
Free buffers       6982
Database pages     1205
Old database pages 464
Modified db pages  0
Pending reads      0
Pending writes: LRU 0, flush list 0, single page 0
Pages made young 0, not young 0
0.00 youngs/s, 0.00 non-youngs/s
Pages read 1058, created 147, written 326
0.00 reads/s, 0.00 creates/s, 0.00 writes/s
No buffer pool page gets since the last printout
Pages read ahead 0.00/s, evicted without access 0.00/s, Random read ahead 0.00/s
LRU len: 1205, unzip_LRU len: 0
I/O sum[0]:cur[0], unzip sum[0]:cur[0]
--------------
ROW OPERATIONS
--------------
0 queries inside InnoDB, 0 queries in queue
0 read views open inside InnoDB
Process ID=783, Main thread ID=0x16fe0b000 , state=sleeping
Number of rows inserted 7, updated 5, deleted 0, read 37
0.00 inserts/s, 0.00 updates/s, 0.00 deletes/s, 0.00 reads/s
Number of system rows inserted 26, updated 343, deleted 8, read 5159
0.00 inserts/s, 0.00 updates/s, 0.00 deletes/s, 0.00 reads/s
----------------------------
END OF INNODB MONITOR OUTPUT
============================